src - INFO - Complete loger configuration!-->.\log\2018-07-10-17-27-31.log
src.metadata_handler - INFO - MetaDataHandler._parse_item:[[29, 'S', 'SMessageAddress', '', '', 17, 0, 0, 4, 0, 3, 3, 0, 0, 0, 1, 0, 0, '']]
src.metadata_handler - INFO - MetaDataHandler._parse_struct:[[29, 'S', 'SMessageAddress', '', '', 17, 0, 0, 4, 0, 3, 3, 0, 0, 0, 1, 0, 0, '']]
src.metadata_handler - INFO - MetaDataHandler._parse_struct:_metadata[SMessageAddress]=MetadataStruct(_name:SMessageAddress, _size:4, _field_number:3, _array_field_number:0, _fields:[])
src.metadata_handler - INFO - MetaDataHandler._parse_item:[[550, 'S', 'SConfigurableUsageAddresses', '', '', 17, 0, 0, 196, 0, 2, 3, 0, 0, 0, 1, 0, 0, '']]
src.metadata_handler - INFO - MetaDataHandler._parse_struct:[[550, 'S', 'SConfigurableUsageAddresses', '', '', 17, 0, 0, 196, 0, 2, 3, 0, 0, 0, 1, 0, 0, '']]
src.metadata_handler - INFO - MetaDataHandler._parse_struct:_metadata[SConfigurableUsageAddresses]=MetadataStruct(_name:SConfigurableUsageAddresses, _size:196, _field_number:2, _array_field_number:1, _fields:[])
src.metadata_handler - INFO - MetaDataHandler._parse_item:[[551, 'F', 'SConfigurableUsageAddresses', 'numOfConfigurableUsageAddresses', 'TNumberOfItems', 4, 0, 0, 4, 0, 0, 0, 0, 0, 1, 1, 0, 427, '']]
src.metadata_handler - INFO - MetaDataHandler._parse_field:raw_field_meta=MetadataStruct(_name:SConfigurableUsageAddresses, _size:196, _field_number:2, _array_field_number:1, _fields:[])
src.metadata_handler - INFO - MetaDataHandler._parse_field:field_meta=None
src.metadata - INFO - MetadataStruct.add_field:[numOfConfigurableUsageAddresses,TNumberOfItems,4,None,0,4] parsed_field_number=1
src.metadata_handler - INFO - MetaDataHandler._parse_struct_field:meta_struct=MetadataStruct(_name:SConfigurableUsageAddresses, _size:196, _field_number:2, _array_field_number:1, _fields:[<src.metadata.Field object at 0x000000000290A630>])
src.metadata_handler - INFO - MetaDataHandler._parse_item:[[552, 'F', 'SConfigurableUsageAddresses', 'configurableUsageAddresses', '', 14, 0, 4, 192, 0, 24, 0, 0, 0, 1, 1, 0, 0, '']]
src.metadata_handler - INFO - MetaDataHandler._parse_field:raw_field_meta=MetadataStruct(_name:SConfigurableUsageAddresses, _size:196, _field_number:2, _array_field_number:1, _fields:[<src.metadata.Field object at 0x000000000290A630>])
src.metadata_handler - INFO - MetaDataHandler._parse_field:field_meta=<src.metadata.MetadataArray object at 0x000000000290A668>
src.metadata - INFO - MetadataStruct.add_field:[configurableUsageAddresses,,14,<src.metadata.MetadataArray object at 0x000000000290A668>,4,192] parsed_field_number=2
src.metadata_handler - INFO - MetaDataHandler._parse_struct_field:meta_struct=MetadataStruct(_name:SConfigurableUsageAddresses, _size:196, _field_number:2, _array_field_number:1, _fields:[<src.metadata.Field object at 0x000000000290A630>, <src.metadata.Field object at 0x000000000290A6A0>])
src.metadata_handler - INFO - MetaDataHandler._parse_item:[[553, 'F', 'SConfigurableUsageAddresses', 'configurableUsageAddresses', 'SAddressInfo', 17, 0, 0, 8, 0, 2, 0, 0, 0, 2, 1, 0, 547, '']]
src.metadata_handler - INFO - MetaDataHandler._parse_field:raw_field_meta=<src.metadata.MetadataArray object at 0x000000000290A668>
src.metadata_handler - INFO - MetaDataHandler._parse_field:field_meta=None
src.metadata_handler - INFO - MetaDataHandler._parse_struct_field:meta_struct=MetadataStruct(_name:SConfigurableUsageAddresses, _size:196, _field_number:2, _array_field_number:1, _fields:[<src.metadata.Field object at 0x000000000290A630>, <src.metadata.Field object at 0x000000000290A6A0>])
src.metadata_handler - INFO - MetaDataHandler._parse_item:[[34, 'S', 'SHeaderFlags', '', '', 17, 0, 0, 2, 0, 2, 2, 0, 0, 0, 1, 0, 0, '']]
src.metadata_handler - INFO - MetaDataHandler._parse_struct:[[34, 'S', 'SHeaderFlags', '', '', 17, 0, 0, 2, 0, 2, 2, 0, 0, 0, 1, 0, 0, '']]
src.metadata_handler - INFO - MetaDataHandler._parse_struct:_metadata[SHeaderFlags]=MetadataStruct(_name:SHeaderFlags, _size:2, _field_number:2, _array_field_number:0, _fields:[])
src.metadata_handler - INFO - MetaDataHandler._parse_item:[[35, 'F', 'SHeaderFlags', 'system', '', 0, 0, 0, 1, 0, 0, 0, 0, 0, 1, 0, 0, 0, 'reserved for transportation/platform layer (checksum etc)']]
src.metadata_handler - INFO - MetaDataHandler._parse_field:raw_field_meta=MetadataStruct(_name:SHeaderFlags, _size:2, _field_number:2, _array_field_number:0, _fields:[])
src.metadata_handler - INFO - MetaDataHandler._parse_field:field_meta=<src.metadata.MetadataBasicType object at 0x000000000290A748>
src.metadata - INFO - MetadataStruct.add_field:[system,,0,<src.metadata.MetadataBasicType object at 0x000000000290A748>,0,1] parsed_field_number=1
src.metadata_handler - INFO - MetaDataHandler._parse_struct_field:meta_struct=MetadataStruct(_name:SHeaderFlags, _size:2, _field_number:2, _array_field_number:0, _fields:[<src.metadata.Field object at 0x000000000290A780>])
src.metadata_handler - INFO - MetaDataHandler._parse_item:[[36, 'F', 'SHeaderFlags', 'user', '', 0, 0, 1, 1, 0, 0, 0, 0, 0, 1, 0, 0, 0, 'reserved for application layer, transported as is.']]
src.metadata_handler - INFO - MetaDataHandler._parse_field:raw_field_meta=MetadataStruct(_name:SHeaderFlags, _size:2, _field_number:2, _array_field_number:0, _fields:[<src.metadata.Field object at 0x000000000290A780>])
src.metadata_handler - INFO - MetaDataHandler._parse_field:field_meta=<src.metadata.MetadataBasicType object at 0x000000000290A7B8>
src.metadata - INFO - MetadataStruct.add_field:[user,,0,<src.metadata.MetadataBasicType object at 0x000000000290A7B8>,1,1] parsed_field_number=2
src.metadata_handler - INFO - MetaDataHandler._parse_struct_field:meta_struct=MetadataStruct(_name:SHeaderFlags, _size:2, _field_number:2, _array_field_number:0, _fields:[<src.metadata.Field object at 0x000000000290A780>, <src.metadata.Field object at 0x000000000290A7F0>])
src.metadata_handler - INFO - MetaDataHandler._parse_item:[[29, 'S', 'SMessageAddress', '', '', 17, 0, 0, 4, 0, 3, 3, 0, 0, 0, 1, 0, 0, '']]
src.metadata_handler - INFO - MetaDataHandler._parse_struct:[[29, 'S', 'SMessageAddress', '', '', 17, 0, 0, 4, 0, 3, 3, 0, 0, 0, 1, 0, 0, '']]
src.metadata_handler - INFO - MetaDataHandler._parse_struct:_metadata[SMessageAddress]=MetadataStruct(_name:SMessageAddress, _size:4, _field_number:3, _array_field_number:0, _fields:[])
src.metadata_handler - INFO - MetaDataHandler._parse_item:[[30, 'F', 'SMessageAddress', 'board', 'TBoard', 0, 0, 0, 1, 0, 0, 0, 0, 0, 1, 1, 0, 26, '']]
src.metadata_handler - INFO - MetaDataHandler._parse_field:raw_field_meta=MetadataStruct(_name:SMessageAddress, _size:4, _field_number:3, _array_field_number:0, _fields:[])
src.metadata_handler - INFO - MetaDataHandler._parse_field:field_meta=None
src.metadata - INFO - MetadataStruct.add_field:[board,TBoard,0,None,0,1] parsed_field_number=1
src.metadata_handler - INFO - MetaDataHandler._parse_struct_field:meta_struct=MetadataStruct(_name:SMessageAddress, _size:4, _field_number:3, _array_field_number:0, _fields:[<src.metadata.Field object at 0x000000000290A898>])
src.metadata_handler - INFO - MetaDataHandler._parse_item:[[31, 'F', 'SMessageAddress', 'cpu', 'TCpu', 0, 0, 1, 1, 0, 0, 0, 0, 0, 1, 1, 0, 27, '']]
src.metadata_handler - INFO - MetaDataHandler._parse_field:raw_field_meta=MetadataStruct(_name:SMessageAddress, _size:4, _field_number:3, _array_field_number:0, _fields:[<src.metadata.Field object at 0x000000000290A898>])
src.metadata_handler - INFO - MetaDataHandler._parse_field:field_meta=None
src.metadata - INFO - MetadataStruct.add_field:[cpu,TCpu,0,None,1,1] parsed_field_number=2
src.metadata_handler - INFO - MetaDataHandler._parse_struct_field:meta_struct=MetadataStruct(_name:SMessageAddress, _size:4, _field_number:3, _array_field_number:0, _fields:[<src.metadata.Field object at 0x000000000290A898>, <src.metadata.Field object at 0x000000000290A8D0>])
src.metadata_handler - INFO - MetaDataHandler._parse_item:[[32, 'F', 'SMessageAddress', 'task', 'TTask', 2, 0, 2, 2, 0, 0, 0, 0, 0, 1, 1, 0, 28, '']]
src.metadata_handler - INFO - MetaDataHandler._parse_field:raw_field_meta=MetadataStruct(_name:SMessageAddress, _size:4, _field_number:3, _array_field_number:0, _fields:[<src.metadata.Field object at 0x000000000290A898>, <src.metadata.Field object at 0x000000000290A8D0>])
src.metadata_handler - INFO - MetaDataHandler._parse_field:field_meta=None
src.metadata - INFO - MetadataStruct.add_field:[task,TTask,2,None,2,2] parsed_field_number=3
src.metadata_handler - INFO - MetaDataHandler._parse_struct_field:meta_struct=MetadataStruct(_name:SMessageAddress, _size:4, _field_number:3, _array_field_number:0, _fields:[<src.metadata.Field object at 0x000000000290A898>, <src.metadata.Field object at 0x000000000290A8D0>, <src.metadata.Field object at 0x000000000290A908>])
src.metadata_handler - ERROR - MetaDataHandler._valid_items:items number expected to be 19, but 2
